Compilación iniciada a las 01/02/2012 01:24:27 p.m..
     1>Proyecto "E:\SpaceInvaders\SpaceInvaders\SpaceInvaders.vcxproj" en el nodo 2 (build destinos).
     1>InitializeBuildStatus:
         Se creará "Debug\SpaceInvaders.unsuccessfulbuild" porque se especificó "AlwaysCreate".
       ClCompile:
         c:\Program Files (x86)\Microsoft Visual Studio 10.0\VC\bin\CL.exe /c /ZI /nologo /W3 /WX- /Od /Oy- /D WIN32 /D _DEBUG /D _CONSOLE /D _UNICODE /D UNICODE /Gm /EHsc /RTC1 /MDd /GS /fp:precise /Zc:wchar_t /Zc:forScope /Fo"Debug\\" /Fd"Debug\vc100.pdb" /Gd /TP /analyze- /errorReport:prompt main.cpp
         main.cpp
       ManifestResourceCompile:
         Todas las salidas están actualizadas.
       Link:
         c:\Program Files (x86)\Microsoft Visual Studio 10.0\VC\bin\link.exe /ERRORREPORT:PROMPT /OUT:"E:\SpaceInvaders\Debug\SpaceInvaders.exe" /INCREMENTAL /NOLOGO kernel32.lib user32.lib gdi32.lib winspool.lib comdlg32.lib advapi32.lib shell32.lib ole32.lib oleaut32.lib uuid.lib odbc32.lib odbccp32.lib /MANIFEST /ManifestFile:"Debug\SpaceInvaders.exe.intermediate.manifest" /MANIFESTUAC:"level='asInvoker' uiAccess='false'" /DEBUG /PDB:"E:\SpaceInvaders\Debug\SpaceInvaders.pdb" /SUBSYSTEM:CONSOLE /TLBID:1 /DYNAMICBASE /NXCOMPAT /IMPLIB:"E:\SpaceInvaders\Debug\SpaceInvaders.lib" /MACHINE:X86 Debug\SpaceInvaders.exe.embed.manifest.res
         Debug\main.obj
       Manifest:
         C:\Program Files (x86)\Microsoft SDKs\Windows\v7.0A\bin\mt.exe /nologo /verbose /out:"Debug\SpaceInvaders.exe.embed.manifest" /manifest Debug\SpaceInvaders.exe.intermediate.manifest
         Todas las salidas están actualizadas.
       LinkEmbedManifest:
         Todas las salidas están actualizadas.
         SpaceInvaders.vcxproj -> E:\SpaceInvaders\Debug\SpaceInvaders.exe
       FinalizeBuildStatus:
         Se eliminará el archivo "Debug\SpaceInvaders.unsuccessfulbuild".
         Aplicando tarea Touch a "Debug\SpaceInvaders.lastbuildstate".
     1>Compilación del proyecto terminada "E:\SpaceInvaders\SpaceInvaders\SpaceInvaders.vcxproj" (build destinos).

Compilación correcta.

Tiempo transcurrido 00:00:15.26
